  curl_multibyte.c
  dynbuf.c
  nonblock.c
  strtoofft.c
  timediff.c
  version_win32.c
  warnless.c
  slist_wc.c
  tool_binmode.c
  tool_bname.c
  tool_cb_dbg.c
  tool_cb_hdr.c
  tool_cb_prg.c
  tool_cb_rea.c
  tool_cb_see.c
  tool_cb_wrt.c
  tool_cfgable.c
  tool_dirhie.c
  tool_doswin.c
  tool_easysrc.c
  코드를 생성하고 있습니다...
  컴파일하고 있습니다...
  tool_filetime.c
  tool_findfile.c
  tool_formparse.c
  tool_getparam.c
  tool_getpass.c
  tool_help.c
  tool_helpers.c
  tool_hugehelp.c
  tool_libinfo.c
  tool_listhelp.c
  tool_main.c
  tool_msgs.c
  tool_operate.c
  tool_operhlp.c
  tool_paramhlp.c
  tool_parsecfg.c
  tool_progress.c
  tool_setopt.c
  tool_sleep.c
  tool_stderr.c
  코드를 생성하고 있습니다...
  컴파일하고 있습니다...
  tool_strdup.c
  tool_urlglob.c
  tool_util.c
  tool_vms.c
  tool_writeout.c
  tool_writeout_json.c
  tool_xattr.c
  코드를 생성하고 있습니다...
LINK : warning LNK4098: 'LIBCMT' defaultlib가 다른 라이브러리와 충돌합니다. /NODEFAULTLIB:library를 사용하십시오.
  curl.vcxproj -> D:\dev\Opensource\Src\curl\curl-8.1.1\curl-8.1.1\build\Win64\VC14.30\LIB Release - LIB OpenSSL\curl.exe
