d:\dev\opensource\src\curl\curl-8.1.1\curl-8.1.1\build\win64\vc14.30\lib release - lib openssl\src\vc143.pdb
d:\dev\opensource\src\curl\curl-8.1.1\curl-8.1.1\build\win64\vc14.30\lib release - lib openssl\src\tool_easysrc.obj
d:\dev\opensource\src\curl\curl-8.1.1\curl-8.1.1\build\win64\vc14.30\lib release - lib openssl\src\tool_doswin.obj
d:\dev\opensource\src\curl\curl-8.1.1\curl-8.1.1\build\win64\vc14.30\lib release - lib openssl\src\tool_dirhie.obj
d:\dev\opensource\src\curl\curl-8.1.1\curl-8.1.1\build\win64\vc14.30\lib release - lib openssl\src\tool_cfgable.obj
d:\dev\opensource\src\curl\curl-8.1.1\curl-8.1.1\build\win64\vc14.30\lib release - lib openssl\src\tool_cb_wrt.obj
d:\dev\opensource\src\curl\curl-8.1.1\curl-8.1.1\build\win64\vc14.30\lib release - lib openssl\src\tool_cb_see.obj
d:\dev\opensource\src\curl\curl-8.1.1\curl-8.1.1\build\win64\vc14.30\lib release - lib openssl\src\tool_cb_rea.obj
d:\dev\opensource\src\curl\curl-8.1.1\curl-8.1.1\build\win64\vc14.30\lib release - lib openssl\src\tool_cb_prg.obj
d:\dev\opensource\src\curl\curl-8.1.1\curl-8.1.1\build\win64\vc14.30\lib release - lib openssl\src\tool_cb_hdr.obj
d:\dev\opensource\src\curl\curl-8.1.1\curl-8.1.1\build\win64\vc14.30\lib release - lib openssl\src\tool_cb_dbg.obj
d:\dev\opensource\src\curl\curl-8.1.1\curl-8.1.1\build\win64\vc14.30\lib release - lib openssl\src\tool_bname.obj
d:\dev\opensource\src\curl\curl-8.1.1\curl-8.1.1\build\win64\vc14.30\lib release - lib openssl\src\tool_binmode.obj
d:\dev\opensource\src\curl\curl-8.1.1\curl-8.1.1\build\win64\vc14.30\lib release - lib openssl\src\slist_wc.obj
d:\dev\opensource\src\curl\curl-8.1.1\curl-8.1.1\build\win64\vc14.30\lib release - lib openssl\src\warnless.obj
d:\dev\opensource\src\curl\curl-8.1.1\curl-8.1.1\build\win64\vc14.30\lib release - lib openssl\src\version_win32.obj
d:\dev\opensource\src\curl\curl-8.1.1\curl-8.1.1\build\win64\vc14.30\lib release - lib openssl\src\timediff.obj
d:\dev\opensource\src\curl\curl-8.1.1\curl-8.1.1\build\win64\vc14.30\lib release - lib openssl\src\strtoofft.obj
d:\dev\opensource\src\curl\curl-8.1.1\curl-8.1.1\build\win64\vc14.30\lib release - lib openssl\src\nonblock.obj
d:\dev\opensource\src\curl\curl-8.1.1\curl-8.1.1\build\win64\vc14.30\lib release - lib openssl\src\dynbuf.obj
d:\dev\opensource\src\curl\curl-8.1.1\curl-8.1.1\build\win64\vc14.30\lib release - lib openssl\src\curl_multibyte.obj
d:\dev\opensource\src\curl\curl-8.1.1\curl-8.1.1\build\win64\vc14.30\lib release - lib openssl\src\tool_stderr.obj
d:\dev\opensource\src\curl\curl-8.1.1\curl-8.1.1\build\win64\vc14.30\lib release - lib openssl\src\tool_sleep.obj
d:\dev\opensource\src\curl\curl-8.1.1\curl-8.1.1\build\win64\vc14.30\lib release - lib openssl\src\tool_setopt.obj
d:\dev\opensource\src\curl\curl-8.1.1\curl-8.1.1\build\win64\vc14.30\lib release - lib openssl\src\tool_progress.obj
d:\dev\opensource\src\curl\curl-8.1.1\curl-8.1.1\build\win64\vc14.30\lib release - lib openssl\src\tool_parsecfg.obj
d:\dev\opensource\src\curl\curl-8.1.1\curl-8.1.1\build\win64\vc14.30\lib release - lib openssl\src\tool_paramhlp.obj
d:\dev\opensource\src\curl\curl-8.1.1\curl-8.1.1\build\win64\vc14.30\lib release - lib openssl\src\tool_operhlp.obj
d:\dev\opensource\src\curl\curl-8.1.1\curl-8.1.1\build\win64\vc14.30\lib release - lib openssl\src\tool_operate.obj
d:\dev\opensource\src\curl\curl-8.1.1\curl-8.1.1\build\win64\vc14.30\lib release - lib openssl\src\tool_msgs.obj
d:\dev\opensource\src\curl\curl-8.1.1\curl-8.1.1\build\win64\vc14.30\lib release - lib openssl\src\tool_main.obj
d:\dev\opensource\src\curl\curl-8.1.1\curl-8.1.1\build\win64\vc14.30\lib release - lib openssl\src\tool_listhelp.obj
d:\dev\opensource\src\curl\curl-8.1.1\curl-8.1.1\build\win64\vc14.30\lib release - lib openssl\src\tool_libinfo.obj
d:\dev\opensource\src\curl\curl-8.1.1\curl-8.1.1\build\win64\vc14.30\lib release - lib openssl\src\tool_hugehelp.obj
d:\dev\opensource\src\curl\curl-8.1.1\curl-8.1.1\build\win64\vc14.30\lib release - lib openssl\src\tool_helpers.obj
d:\dev\opensource\src\curl\curl-8.1.1\curl-8.1.1\build\win64\vc14.30\lib release - lib openssl\src\tool_help.obj
d:\dev\opensource\src\curl\curl-8.1.1\curl-8.1.1\build\win64\vc14.30\lib release - lib openssl\src\tool_getpass.obj
d:\dev\opensource\src\curl\curl-8.1.1\curl-8.1.1\build\win64\vc14.30\lib release - lib openssl\src\tool_getparam.obj
d:\dev\opensource\src\curl\curl-8.1.1\curl-8.1.1\build\win64\vc14.30\lib release - lib openssl\src\tool_formparse.obj
d:\dev\opensource\src\curl\curl-8.1.1\curl-8.1.1\build\win64\vc14.30\lib release - lib openssl\src\tool_findfile.obj
d:\dev\opensource\src\curl\curl-8.1.1\curl-8.1.1\build\win64\vc14.30\lib release - lib openssl\src\tool_filetime.obj
d:\dev\opensource\src\curl\curl-8.1.1\curl-8.1.1\build\win64\vc14.30\lib release - lib openssl\src\tool_xattr.obj
d:\dev\opensource\src\curl\curl-8.1.1\curl-8.1.1\build\win64\vc14.30\lib release - lib openssl\src\tool_writeout_json.obj
d:\dev\opensource\src\curl\curl-8.1.1\curl-8.1.1\build\win64\vc14.30\lib release - lib openssl\src\tool_writeout.obj
d:\dev\opensource\src\curl\curl-8.1.1\curl-8.1.1\build\win64\vc14.30\lib release - lib openssl\src\tool_vms.obj
d:\dev\opensource\src\curl\curl-8.1.1\curl-8.1.1\build\win64\vc14.30\lib release - lib openssl\src\tool_util.obj
d:\dev\opensource\src\curl\curl-8.1.1\curl-8.1.1\build\win64\vc14.30\lib release - lib openssl\src\tool_urlglob.obj
d:\dev\opensource\src\curl\curl-8.1.1\curl-8.1.1\build\win64\vc14.30\lib release - lib openssl\src\tool_strdup.obj
d:\dev\opensource\src\curl\curl-8.1.1\curl-8.1.1\build\win64\vc14.30\lib release - lib openssl\src\curl.res
d:\dev\opensource\src\curl\curl-8.1.1\curl-8.1.1\build\win64\vc14.30\lib release - lib openssl\src\curl.tlog\cl.command.1.tlog
d:\dev\opensource\src\curl\curl-8.1.1\curl-8.1.1\build\win64\vc14.30\lib release - lib openssl\src\curl.tlog\cl.read.1.tlog
d:\dev\opensource\src\curl\curl-8.1.1\curl-8.1.1\build\win64\vc14.30\lib release - lib openssl\src\curl.tlog\cl.write.1.tlog
d:\dev\opensource\src\curl\curl-8.1.1\curl-8.1.1\build\win64\vc14.30\lib release - lib openssl\src\curl.tlog\link.command.1.tlog
d:\dev\opensource\src\curl\curl-8.1.1\curl-8.1.1\build\win64\vc14.30\lib release - lib openssl\src\curl.tlog\link.read.1.tlog
d:\dev\opensource\src\curl\curl-8.1.1\curl-8.1.1\build\win64\vc14.30\lib release - lib openssl\src\curl.tlog\link.write.1.tlog
d:\dev\opensource\src\curl\curl-8.1.1\curl-8.1.1\build\win64\vc14.30\lib release - lib openssl\src\curl.tlog\rc.command.1.tlog
d:\dev\opensource\src\curl\curl-8.1.1\curl-8.1.1\build\win64\vc14.30\lib release - lib openssl\src\curl.tlog\rc.read.1.tlog
d:\dev\opensource\src\curl\curl-8.1.1\curl-8.1.1\build\win64\vc14.30\lib release - lib openssl\src\curl.tlog\rc.write.1.tlog
