d:\dev\opensource\src\curl\curl-8.1.1\curl-8.1.1\build\win64\vc14.30\lib release - lib openssl\lib\altsvc.obj
d:\dev\opensource\src\curl\curl-8.1.1\curl-8.1.1\build\win64\vc14.30\lib release - lib openssl\lib\amigaos.obj
d:\dev\opensource\src\curl\curl-8.1.1\curl-8.1.1\build\win64\vc14.30\lib release - lib openssl\lib\asyn-ares.obj
d:\dev\opensource\src\curl\curl-8.1.1\curl-8.1.1\build\win64\vc14.30\lib release - lib openssl\lib\asyn-thread.obj
d:\dev\opensource\src\curl\curl-8.1.1\curl-8.1.1\build\win64\vc14.30\lib release - lib openssl\lib\base64.obj
d:\dev\opensource\src\curl\curl-8.1.1\curl-8.1.1\build\win64\vc14.30\lib release - lib openssl\lib\bearssl.obj
d:\dev\opensource\src\curl\curl-8.1.1\curl-8.1.1\build\win64\vc14.30\lib release - lib openssl\lib\bufq.obj
d:\dev\opensource\src\curl\curl-8.1.1\curl-8.1.1\build\win64\vc14.30\lib release - lib openssl\lib\bufref.obj
d:\dev\opensource\src\curl\curl-8.1.1\curl-8.1.1\build\win64\vc14.30\lib release - lib openssl\lib\c-hyper.obj
d:\dev\opensource\src\curl\curl-8.1.1\curl-8.1.1\build\win64\vc14.30\lib release - lib openssl\lib\cf-h1-proxy.obj
d:\dev\opensource\src\curl\curl-8.1.1\curl-8.1.1\build\win64\vc14.30\lib release - lib openssl\lib\cf-h2-proxy.obj
d:\dev\opensource\src\curl\curl-8.1.1\curl-8.1.1\build\win64\vc14.30\lib release - lib openssl\lib\cf-haproxy.obj
d:\dev\opensource\src\curl\curl-8.1.1\curl-8.1.1\build\win64\vc14.30\lib release - lib openssl\lib\cf-https-connect.obj
d:\dev\opensource\src\curl\curl-8.1.1\curl-8.1.1\build\win64\vc14.30\lib release - lib openssl\lib\cf-socket.obj
d:\dev\opensource\src\curl\curl-8.1.1\curl-8.1.1\build\win64\vc14.30\lib release - lib openssl\lib\cfilters.obj
d:\dev\opensource\src\curl\curl-8.1.1\curl-8.1.1\build\win64\vc14.30\lib release - lib openssl\lib\cleartext.obj
d:\dev\opensource\src\curl\curl-8.1.1\curl-8.1.1\build\win64\vc14.30\lib release - lib openssl\lib\conncache.obj
d:\dev\opensource\src\curl\curl-8.1.1\curl-8.1.1\build\win64\vc14.30\lib release - lib openssl\lib\connect.obj
d:\dev\opensource\src\curl\curl-8.1.1\curl-8.1.1\build\win64\vc14.30\lib release - lib openssl\lib\content_encoding.obj
d:\dev\opensource\src\curl\curl-8.1.1\curl-8.1.1\build\win64\vc14.30\lib release - lib openssl\lib\cookie.obj
d:\dev\opensource\src\curl\curl-8.1.1\curl-8.1.1\build\win64\vc14.30\lib release - lib openssl\lib\cram.obj
d:\dev\opensource\src\curl\curl-8.1.1\curl-8.1.1\build\win64\vc14.30\lib release - lib openssl\lib\curl_addrinfo.obj
d:\dev\opensource\src\curl\curl-8.1.1\curl-8.1.1\build\win64\vc14.30\lib release - lib openssl\lib\curl_des.obj
d:\dev\opensource\src\curl\curl-8.1.1\curl-8.1.1\build\win64\vc14.30\lib release - lib openssl\lib\curl_endian.obj
d:\dev\opensource\src\curl\curl-8.1.1\curl-8.1.1\build\win64\vc14.30\lib release - lib openssl\lib\curl_fnmatch.obj
d:\dev\opensource\src\curl\curl-8.1.1\curl-8.1.1\build\win64\vc14.30\lib release - lib openssl\lib\curl_gethostname.obj
d:\dev\opensource\src\curl\curl-8.1.1\curl-8.1.1\build\win64\vc14.30\lib release - lib openssl\lib\curl_get_line.obj
d:\dev\opensource\src\curl\curl-8.1.1\curl-8.1.1\build\win64\vc14.30\lib release - lib openssl\lib\curl_gssapi.obj
d:\dev\opensource\src\curl\curl-8.1.1\curl-8.1.1\build\win64\vc14.30\lib release - lib openssl\lib\curl_log.obj
d:\dev\opensource\src\curl\curl-8.1.1\curl-8.1.1\build\win64\vc14.30\lib release - lib openssl\lib\curl_memrchr.obj
d:\dev\opensource\src\curl\curl-8.1.1\curl-8.1.1\build\win64\vc14.30\lib release - lib openssl\lib\curl_msh3.obj
d:\dev\opensource\src\curl\curl-8.1.1\curl-8.1.1\build\win64\vc14.30\lib release - lib openssl\lib\curl_multibyte.obj
d:\dev\opensource\src\curl\curl-8.1.1\curl-8.1.1\build\win64\vc14.30\lib release - lib openssl\lib\curl_ngtcp2.obj
d:\dev\opensource\src\curl\curl-8.1.1\curl-8.1.1\build\win64\vc14.30\lib release - lib openssl\lib\curl_ntlm_wb.obj
d:\dev\opensource\src\curl\curl-8.1.1\curl-8.1.1\build\win64\vc14.30\lib release - lib openssl\lib\curl_path.obj
d:\dev\opensource\src\curl\curl-8.1.1\curl-8.1.1\build\win64\vc14.30\lib release - lib openssl\lib\curl_quiche.obj
d:\dev\opensource\src\curl\curl-8.1.1\curl-8.1.1\build\win64\vc14.30\lib release - lib openssl\lib\curl_range.obj
d:\dev\opensource\src\curl\curl-8.1.1\curl-8.1.1\build\win64\vc14.30\lib release - lib openssl\lib\curl_rtmp.obj
d:\dev\opensource\src\curl\curl-8.1.1\curl-8.1.1\build\win64\vc14.30\lib release - lib openssl\lib\curl_sasl.obj
d:\dev\opensource\src\curl\curl-8.1.1\curl-8.1.1\build\win64\vc14.30\lib release - lib openssl\lib\curl_sspi.obj
d:\dev\opensource\src\curl\curl-8.1.1\curl-8.1.1\build\win64\vc14.30\lib release - lib openssl\lib\curl_threads.obj
d:\dev\opensource\src\curl\curl-8.1.1\curl-8.1.1\build\win64\vc14.30\lib release - lib openssl\lib\dict.obj
d:\dev\opensource\src\curl\curl-8.1.1\curl-8.1.1\build\win64\vc14.30\lib release - lib openssl\lib\digest.obj
d:\dev\opensource\src\curl\curl-8.1.1\curl-8.1.1\build\win64\vc14.30\lib release - lib openssl\lib\digest_sspi.obj
d:\dev\opensource\src\curl\curl-8.1.1\curl-8.1.1\build\win64\vc14.30\lib release - lib openssl\lib\doh.obj
d:\dev\opensource\src\curl\curl-8.1.1\curl-8.1.1\build\win64\vc14.30\lib release - lib openssl\lib\dynbuf.obj
d:\dev\opensource\src\curl\curl-8.1.1\curl-8.1.1\build\win64\vc14.30\lib release - lib openssl\lib\dynhds.obj
d:\dev\opensource\src\curl\curl-8.1.1\curl-8.1.1\build\win64\vc14.30\lib release - lib openssl\lib\easy.obj
d:\dev\opensource\src\curl\curl-8.1.1\curl-8.1.1\build\win64\vc14.30\lib release - lib openssl\lib\easygetopt.obj
d:\dev\opensource\src\curl\curl-8.1.1\curl-8.1.1\build\win64\vc14.30\lib release - lib openssl\lib\easyoptions.obj
d:\dev\opensource\src\curl\curl-8.1.1\curl-8.1.1\build\win64\vc14.30\lib release - lib openssl\lib\escape.obj
d:\dev\opensource\src\curl\curl-8.1.1\curl-8.1.1\build\win64\vc14.30\lib release - lib openssl\lib\file.obj
d:\dev\opensource\src\curl\curl-8.1.1\curl-8.1.1\build\win64\vc14.30\lib release - lib openssl\lib\fileinfo.obj
d:\dev\opensource\src\curl\curl-8.1.1\curl-8.1.1\build\win64\vc14.30\lib release - lib openssl\lib\fopen.obj
d:\dev\opensource\src\curl\curl-8.1.1\curl-8.1.1\build\win64\vc14.30\lib release - lib openssl\lib\formdata.obj
d:\dev\opensource\src\curl\curl-8.1.1\curl-8.1.1\build\win64\vc14.30\lib release - lib openssl\lib\ftp.obj
d:\dev\opensource\src\curl\curl-8.1.1\curl-8.1.1\build\win64\vc14.30\lib release - lib openssl\lib\ftplistparser.obj
d:\dev\opensource\src\curl\curl-8.1.1\curl-8.1.1\build\win64\vc14.30\lib release - lib openssl\lib\getenv.obj
d:\dev\opensource\src\curl\curl-8.1.1\curl-8.1.1\build\win64\vc14.30\lib release - lib openssl\lib\getinfo.obj
d:\dev\opensource\src\curl\curl-8.1.1\curl-8.1.1\build\win64\vc14.30\lib release - lib openssl\lib\gopher.obj
d:\dev\opensource\src\curl\curl-8.1.1\curl-8.1.1\build\win64\vc14.30\lib release - lib openssl\lib\gsasl.obj
d:\dev\opensource\src\curl\curl-8.1.1\curl-8.1.1\build\win64\vc14.30\lib release - lib openssl\lib\gskit.obj
d:\dev\opensource\src\curl\curl-8.1.1\curl-8.1.1\build\win64\vc14.30\lib release - lib openssl\lib\gtls.obj
d:\dev\opensource\src\curl\curl-8.1.1\curl-8.1.1\build\win64\vc14.30\lib release - lib openssl\lib\hash.obj
d:\dev\opensource\src\curl\curl-8.1.1\curl-8.1.1\build\win64\vc14.30\lib release - lib openssl\lib\headers.obj
d:\dev\opensource\src\curl\curl-8.1.1\curl-8.1.1\build\win64\vc14.30\lib release - lib openssl\lib\hmac.obj
d:\dev\opensource\src\curl\curl-8.1.1\curl-8.1.1\build\win64\vc14.30\lib release - lib openssl\lib\hostasyn.obj
d:\dev\opensource\src\curl\curl-8.1.1\curl-8.1.1\build\win64\vc14.30\lib release - lib openssl\lib\hostcheck.obj
d:\dev\opensource\src\curl\curl-8.1.1\curl-8.1.1\build\win64\vc14.30\lib release - lib openssl\lib\hostip.obj
d:\dev\opensource\src\curl\curl-8.1.1\curl-8.1.1\build\win64\vc14.30\lib release - lib openssl\lib\hostip4.obj
d:\dev\opensource\src\curl\curl-8.1.1\curl-8.1.1\build\win64\vc14.30\lib release - lib openssl\lib\hostip6.obj
d:\dev\opensource\src\curl\curl-8.1.1\curl-8.1.1\build\win64\vc14.30\lib release - lib openssl\lib\hostsyn.obj
d:\dev\opensource\src\curl\curl-8.1.1\curl-8.1.1\build\win64\vc14.30\lib release - lib openssl\lib\hsts.obj
d:\dev\opensource\src\curl\curl-8.1.1\curl-8.1.1\build\win64\vc14.30\lib release - lib openssl\lib\http.obj
d:\dev\opensource\src\curl\curl-8.1.1\curl-8.1.1\build\win64\vc14.30\lib release - lib openssl\lib\http1.obj
d:\dev\opensource\src\curl\curl-8.1.1\curl-8.1.1\build\win64\vc14.30\lib release - lib openssl\lib\http2.obj
d:\dev\opensource\src\curl\curl-8.1.1\curl-8.1.1\build\win64\vc14.30\lib release - lib openssl\lib\http_aws_sigv4.obj
d:\dev\opensource\src\curl\curl-8.1.1\curl-8.1.1\build\win64\vc14.30\lib release - lib openssl\lib\http_chunks.obj
d:\dev\opensource\src\curl\curl-8.1.1\curl-8.1.1\build\win64\vc14.30\lib release - lib openssl\lib\http_digest.obj
d:\dev\opensource\src\curl\curl-8.1.1\curl-8.1.1\build\win64\vc14.30\lib release - lib openssl\lib\http_negotiate.obj
d:\dev\opensource\src\curl\curl-8.1.1\curl-8.1.1\build\win64\vc14.30\lib release - lib openssl\lib\http_proxy.obj
d:\dev\opensource\src\curl\curl-8.1.1\curl-8.1.1\build\win64\vc14.30\lib release - lib openssl\lib\idn.obj
d:\dev\opensource\src\curl\curl-8.1.1\curl-8.1.1\build\win64\vc14.30\lib release - lib openssl\lib\if2ip.obj
d:\dev\opensource\src\curl\curl-8.1.1\curl-8.1.1\build\win64\vc14.30\lib release - lib openssl\lib\imap.obj
d:\dev\opensource\src\curl\curl-8.1.1\curl-8.1.1\build\win64\vc14.30\lib release - lib openssl\lib\inet_ntop.obj
d:\dev\opensource\src\curl\curl-8.1.1\curl-8.1.1\build\win64\vc14.30\lib release - lib openssl\lib\inet_pton.obj
d:\dev\opensource\src\curl\curl-8.1.1\curl-8.1.1\build\win64\vc14.30\lib release - lib openssl\lib\keylog.obj
d:\dev\opensource\src\curl\curl-8.1.1\curl-8.1.1\build\win64\vc14.30\lib release - lib openssl\lib\krb5.obj
d:\dev\opensource\src\curl\curl-8.1.1\curl-8.1.1\build\win64\vc14.30\lib release - lib openssl\lib\krb5_gssapi.obj
d:\dev\opensource\src\curl\curl-8.1.1\curl-8.1.1\build\win64\vc14.30\lib release - lib openssl\lib\krb5_sspi.obj
d:\dev\opensource\src\curl\curl-8.1.1\curl-8.1.1\build\win64\vc14.30\lib release - lib openssl\lib\ldap.obj
d:\dev\opensource\src\curl\curl-8.1.1\curl-8.1.1\build\win64\vc14.30\lib release - lib openssl\lib\libssh.obj
d:\dev\opensource\src\curl\curl-8.1.1\curl-8.1.1\build\win64\vc14.30\lib release - lib openssl\lib\libssh2.obj
d:\dev\opensource\src\curl\curl-8.1.1\curl-8.1.1\build\win64\vc14.30\lib release - lib openssl\lib\llist.obj
d:\dev\opensource\src\curl\curl-8.1.1\curl-8.1.1\build\win64\vc14.30\lib release - lib openssl\lib\mbedtls.obj
d:\dev\opensource\src\curl\curl-8.1.1\curl-8.1.1\build\win64\vc14.30\lib release - lib openssl\lib\mbedtls_threadlock.obj
d:\dev\opensource\src\curl\curl-8.1.1\curl-8.1.1\build\win64\vc14.30\lib release - lib openssl\lib\memdebug.obj
d:\dev\opensource\src\curl\curl-8.1.1\curl-8.1.1\build\win64\vc14.30\lib release - lib openssl\lib\mime.obj
d:\dev\opensource\src\curl\curl-8.1.1\curl-8.1.1\build\win64\vc14.30\lib release - lib openssl\lib\mprintf.obj
d:\dev\opensource\src\curl\curl-8.1.1\curl-8.1.1\build\win64\vc14.30\lib release - lib openssl\lib\mqtt.obj
d:\dev\opensource\src\curl\curl-8.1.1\curl-8.1.1\build\win64\vc14.30\lib release - lib openssl\lib\multi.obj
d:\dev\opensource\src\curl\curl-8.1.1\curl-8.1.1\build\win64\vc14.30\lib release - lib openssl\lib\netrc.obj
d:\dev\opensource\src\curl\curl-8.1.1\curl-8.1.1\build\win64\vc14.30\lib release - lib openssl\lib\nonblock.obj
d:\dev\opensource\src\curl\curl-8.1.1\curl-8.1.1\build\win64\vc14.30\lib release - lib openssl\lib\noproxy.obj
d:\dev\opensource\src\curl\curl-8.1.1\curl-8.1.1\build\win64\vc14.30\lib release - lib openssl\lib\nss.obj
d:\dev\opensource\src\curl\curl-8.1.1\curl-8.1.1\build\win64\vc14.30\lib release - lib openssl\lib\ntlm_sspi.obj
d:\dev\opensource\src\curl\curl-8.1.1\curl-8.1.1\build\win64\vc14.30\lib release - lib openssl\lib\oauth2.obj
d:\dev\opensource\src\curl\curl-8.1.1\curl-8.1.1\build\win64\vc14.30\lib release - lib openssl\lib\openldap.obj
d:\dev\opensource\src\curl\curl-8.1.1\curl-8.1.1\build\win64\vc14.30\lib release - lib openssl\lib\parsedate.obj
d:\dev\opensource\src\curl\curl-8.1.1\curl-8.1.1\build\win64\vc14.30\lib release - lib openssl\lib\pingpong.obj
d:\dev\opensource\src\curl\curl-8.1.1\curl-8.1.1\build\win64\vc14.30\lib release - lib openssl\lib\pop3.obj
d:\dev\opensource\src\curl\curl-8.1.1\curl-8.1.1\build\win64\vc14.30\lib release - lib openssl\lib\progress.obj
d:\dev\opensource\src\curl\curl-8.1.1\curl-8.1.1\build\win64\vc14.30\lib release - lib openssl\lib\psl.obj
d:\dev\opensource\src\curl\curl-8.1.1\curl-8.1.1\build\win64\vc14.30\lib release - lib openssl\lib\rand.obj
d:\dev\opensource\src\curl\curl-8.1.1\curl-8.1.1\build\win64\vc14.30\lib release - lib openssl\lib\rename.obj
d:\dev\opensource\src\curl\curl-8.1.1\curl-8.1.1\build\win64\vc14.30\lib release - lib openssl\lib\rtsp.obj
d:\dev\opensource\src\curl\curl-8.1.1\curl-8.1.1\build\win64\vc14.30\lib release - lib openssl\lib\rustls.obj
d:\dev\opensource\src\curl\curl-8.1.1\curl-8.1.1\build\win64\vc14.30\lib release - lib openssl\lib\schannel.obj
d:\dev\opensource\src\curl\curl-8.1.1\curl-8.1.1\build\win64\vc14.30\lib release - lib openssl\lib\schannel_verify.obj
d:\dev\opensource\src\curl\curl-8.1.1\curl-8.1.1\build\win64\vc14.30\lib release - lib openssl\lib\sectransp.obj
d:\dev\opensource\src\curl\curl-8.1.1\curl-8.1.1\build\win64\vc14.30\lib release - lib openssl\lib\select.obj
d:\dev\opensource\src\curl\curl-8.1.1\curl-8.1.1\build\win64\vc14.30\lib release - lib openssl\lib\sendf.obj
d:\dev\opensource\src\curl\curl-8.1.1\curl-8.1.1\build\win64\vc14.30\lib release - lib openssl\lib\setopt.obj
d:\dev\opensource\src\curl\curl-8.1.1\curl-8.1.1\build\win64\vc14.30\lib release - lib openssl\lib\share.obj
d:\dev\opensource\src\curl\curl-8.1.1\curl-8.1.1\build\win64\vc14.30\lib release - lib openssl\lib\slist.obj
d:\dev\opensource\src\curl\curl-8.1.1\curl-8.1.1\build\win64\vc14.30\lib release - lib openssl\lib\smtp.obj
d:\dev\opensource\src\curl\curl-8.1.1\curl-8.1.1\build\win64\vc14.30\lib release - lib openssl\lib\socketpair.obj
d:\dev\opensource\src\curl\curl-8.1.1\curl-8.1.1\build\win64\vc14.30\lib release - lib openssl\lib\socks.obj
d:\dev\opensource\src\curl\curl-8.1.1\curl-8.1.1\build\win64\vc14.30\lib release - lib openssl\lib\socks_gssapi.obj
d:\dev\opensource\src\curl\curl-8.1.1\curl-8.1.1\build\win64\vc14.30\lib release - lib openssl\lib\socks_sspi.obj
d:\dev\opensource\src\curl\curl-8.1.1\curl-8.1.1\build\win64\vc14.30\lib release - lib openssl\lib\speedcheck.obj
d:\dev\opensource\src\curl\curl-8.1.1\curl-8.1.1\build\win64\vc14.30\lib release - lib openssl\lib\splay.obj
d:\dev\opensource\src\curl\curl-8.1.1\curl-8.1.1\build\win64\vc14.30\lib release - lib openssl\lib\spnego_gssapi.obj
d:\dev\opensource\src\curl\curl-8.1.1\curl-8.1.1\build\win64\vc14.30\lib release - lib openssl\lib\spnego_sspi.obj
d:\dev\opensource\src\curl\curl-8.1.1\curl-8.1.1\build\win64\vc14.30\lib release - lib openssl\lib\strcase.obj
d:\dev\opensource\src\curl\curl-8.1.1\curl-8.1.1\build\win64\vc14.30\lib release - lib openssl\lib\strdup.obj
d:\dev\opensource\src\curl\curl-8.1.1\curl-8.1.1\build\win64\vc14.30\lib release - lib openssl\lib\strerror.obj
d:\dev\opensource\src\curl\curl-8.1.1\curl-8.1.1\build\win64\vc14.30\lib release - lib openssl\lib\strtok.obj
d:\dev\opensource\src\curl\curl-8.1.1\curl-8.1.1\build\win64\vc14.30\lib release - lib openssl\lib\strtoofft.obj
d:\dev\opensource\src\curl\curl-8.1.1\curl-8.1.1\build\win64\vc14.30\lib release - lib openssl\lib\system_win32.obj
d:\dev\opensource\src\curl\curl-8.1.1\curl-8.1.1\build\win64\vc14.30\lib release - lib openssl\lib\telnet.obj
d:\dev\opensource\src\curl\curl-8.1.1\curl-8.1.1\build\win64\vc14.30\lib release - lib openssl\lib\tftp.obj
d:\dev\opensource\src\curl\curl-8.1.1\curl-8.1.1\build\win64\vc14.30\lib release - lib openssl\lib\timediff.obj
d:\dev\opensource\src\curl\curl-8.1.1\curl-8.1.1\build\win64\vc14.30\lib release - lib openssl\lib\timeval.obj
d:\dev\opensource\src\curl\curl-8.1.1\curl-8.1.1\build\win64\vc14.30\lib release - lib openssl\lib\transfer.obj
d:\dev\opensource\src\curl\curl-8.1.1\curl-8.1.1\build\win64\vc14.30\lib release - lib openssl\lib\url.obj
d:\dev\opensource\src\curl\curl-8.1.1\curl-8.1.1\build\win64\vc14.30\lib release - lib openssl\lib\urlapi.obj
d:\dev\opensource\src\curl\curl-8.1.1\curl-8.1.1\build\win64\vc14.30\lib release - lib openssl\lib\vauth.obj
d:\dev\opensource\src\curl\curl-8.1.1\curl-8.1.1\build\win64\vc14.30\lib release - lib openssl\lib\version.obj
d:\dev\opensource\src\curl\curl-8.1.1\curl-8.1.1\build\win64\vc14.30\lib release - lib openssl\lib\version_win32.obj
d:\dev\opensource\src\curl\curl-8.1.1\curl-8.1.1\build\win64\vc14.30\lib release - lib openssl\lib\vquic.obj
d:\dev\opensource\src\curl\curl-8.1.1\curl-8.1.1\build\win64\vc14.30\lib release - lib openssl\lib\warnless.obj
d:\dev\opensource\src\curl\curl-8.1.1\curl-8.1.1\build\win64\vc14.30\lib release - lib openssl\lib\wolfssh.obj
d:\dev\opensource\src\curl\curl-8.1.1\curl-8.1.1\build\win64\vc14.30\lib release - lib openssl\lib\wolfssl.obj
d:\dev\opensource\src\curl\curl-8.1.1\curl-8.1.1\build\win64\vc14.30\lib release - lib openssl\lib\ws.obj
d:\dev\opensource\src\curl\curl-8.1.1\curl-8.1.1\build\win64\vc14.30\lib release - lib openssl\lib\x509asn1.obj
d:\dev\opensource\src\curl\curl-8.1.1\curl-8.1.1\build\win64\vc14.30\lib release - lib openssl\lib\libcurl.tlog\cl.command.1.tlog
