  altsvc.c
  amigaos.c
  asyn-ares.c
  asyn-thread.c
  base64.c
  bufq.c
  bufref.c
  cf-h1-proxy.c
  cf-h2-proxy.c
  cf-haproxy.c
  cf-https-connect.c
  cfilters.c
  cf-socket.c
  c-hyper.c
  conncache.c
  connect.c
  content_encoding.c
  cookie.c
  curl_addrinfo.c
  curl_des.c
  코드를 생성하고 있습니다...
  컴파일하고 있습니다...
  curl_endian.c
  curl_fnmatch.c
  curl_gethostname.c
  curl_get_line.c
  curl_gssapi.c
  curl_log.c
  curl_memrchr.c
  curl_multibyte.c
  curl_ntlm_core.c
  curl_ntlm_wb.c
  curl_path.c
  curl_range.c
  curl_rtmp.c
  curl_sasl.c
  curl_sspi.c
  curl_threads.c
  dict.c
  doh.c
  dynbuf.c
  dynhds.c
  코드를 생성하고 있습니다...
  컴파일하고 있습니다...
  easy.c
  easygetopt.c
  easyoptions.c
  escape.c
  file.c
  fileinfo.c
  fopen.c
  formdata.c
  ftp.c
  ftplistparser.c
  getenv.c
  getinfo.c
  gopher.c
  hash.c
  headers.c
  hmac.c
  hostasyn.c
  hostip4.c
  hostip6.c
  hostip.c
  코드를 생성하고 있습니다...
  컴파일하고 있습니다...
  hostsyn.c
  hsts.c
  http1.c
  http2.c
  http_aws_sigv4.c
  http.c
  http_chunks.c
  http_digest.c
  http_negotiate.c
  http_ntlm.c
  http_proxy.c
  idn.c
  if2ip.c
  imap.c
  inet_ntop.c
  inet_pton.c
  krb5.c
  ldap.c
  llist.c
  md4.c
  코드를 생성하고 있습니다...
  컴파일하고 있습니다...
  md5.c
  memdebug.c
  mime.c
  mprintf.c
  mqtt.c
  multi.c
  netrc.c
  nonblock.c
  noproxy.c
  openldap.c
  parsedate.c
  pingpong.c
  pop3.c
  progress.c
  psl.c
  rand.c
  rename.c
  rtsp.c
  select.c
  sendf.c
  코드를 생성하고 있습니다...
  컴파일하고 있습니다...
  setopt.c
  sha256.c
  share.c
  slist.c
  smb.c
  smtp.c
  socketpair.c
  socks.c
  socks_gssapi.c
  socks_sspi.c
  speedcheck.c
  splay.c
  strcase.c
  strdup.c
  strerror.c
  strtok.c
  strtoofft.c
  system_win32.c
  telnet.c
  tftp.c
  코드를 생성하고 있습니다...
  컴파일하고 있습니다...
  timediff.c
  timeval.c
  transfer.c
  urlapi.c
  url.c
  version.c
  version_win32.c
  warnless.c
  ws.c
  cleartext.c
  cram.c
  digest.c
  digest_sspi.c
  gsasl.c
  krb5_gssapi.c
  krb5_sspi.c
  ntlm.c
  ntlm_sspi.c
  oauth2.c
  spnego_gssapi.c
  코드를 생성하고 있습니다...
  컴파일하고 있습니다...
  spnego_sspi.c
  vauth.c
  curl_msh3.c
  curl_ngtcp2.c
  curl_quiche.c
  vquic.c
  libssh2.c
  libssh.c
  wolfssh.c
  bearssl.c
  gskit.c
  gtls.c
  hostcheck.c
  keylog.c
  mbedtls.c
  mbedtls_threadlock.c
  nss.c
  openssl.c
  rustls.c
  schannel.c
  코드를 생성하고 있습니다...
  컴파일하고 있습니다...
  schannel_verify.c
  sectransp.c
  vtls.c
  wolfssl.c
  x509asn1.c
  코드를 생성하고 있습니다...
  libcurl.vcxproj -> D:\dev\Opensource\Src\curl\curl-8.1.1\curl-8.1.1\build\Win64\VC14.30\LIB Release - LIB OpenSSL\libcurl.lib
